<?xml version="1.0" encoding="UTF-8"?>
<!-- Generated by org.testng.reporters.JUnitReportReporter -->
<testsuite hostname="TYSS-Pavan-Kumar-M" failures="0" tests="1" name="genericLib.UtilityMethods" time="1.122" errors="0" timestamp="2024-04-05T00:08:30 IST" skipped="0">
  <testcase classname="genericLib.UtilityMethods" name="searchDate" time="1.122"/>
  <system-out/>
</testsuite> <!-- genericLib.UtilityMethods -->
