<?xml version="1.0" encoding="UTF-8"?>
<!-- Generated by org.testng.reporters.JUnitReportReporter -->
<testsuite hostname="TYSS-Pavan-Kumar-M" failures="0" tests="1" name="com.SignUpandSignIn.SignUp" time="1.245" errors="0" timestamp="2024-04-04T13:14:33 IST" skipped="0">
  <testcase classname="com.SignUpandSignIn.SignUp" name="signUp" time="1.245"/>
  <system-out/>
</testsuite> <!-- com.SignUpandSignIn.SignUp -->
