<?xml version="1.0" encoding="UTF-8"?>
<!-- Generated by org.testng.reporters.JUnitReportReporter -->
<testsuite hostname="TYSS-Pavan-Kumar-M" failures="0" tests="1" name="com.SignUpandSignIn.SignIn" time="1.645" errors="0" timestamp="2024-04-05T12:40:12 IST" skipped="0">
  <testcase classname="com.SignUpandSignIn.SignIn" name="signIn" time="1.645"/>
  <system-out/>
</testsuite> <!-- com.SignUpandSignIn.SignIn -->
