<?xml version="1.0" encoding="UTF-8"?>
<!-- Generated by org.testng.reporters.JUnitReportReporter -->
<testsuite hostname="TYSS-Pavan-Kumar-M" failures="0" tests="1" name="com.Navigate.Navigate" time="0.007" errors="0" timestamp="2024-04-04T13:01:24 IST" skipped="0">
  <testcase classname="com.Navigate.Navigate" name="run" time="0.007"/>
  <system-out/>
</testsuite> <!-- com.Navigate.Navigate -->
