<?xml version="1.0" encoding="UTF-8"?>
<!-- Generated by org.testng.reporters.JUnitReportReporter -->
<testsuite hostname="TYSS-Pavan-Kumar-M" failures="0" tests="1" name="com.SignUpandSignIn.SignUp" time="0.817" errors="0" timestamp="2024-04-05T12:33:34 IST" skipped="0">
  <testcase classname="com.SignUpandSignIn.SignUp" name="signUp" time="0.817"/>
  <system-out/>
</testsuite> <!-- com.SignUpandSignIn.SignUp -->
