<?xml version="1.0" encoding="UTF-8"?>
<!-- Generated by org.testng.reporters.JUnitReportReporter -->
<testsuite hostname="TYSS-Pavan-Kumar-M" failures="0" tests="1" name="com.Flights.Verify_User_is_Able_to_Search_oneWayFlights" time="16.497" errors="0" timestamp="2024-04-08T11:50:46 IST" skipped="0">
  <testcase classname="com.Flights.Verify_User_is_Able_to_Search_oneWayFlights" name="searchOneWayFlight" time="16.497"/>
  <system-out/>
</testsuite> <!-- com.Flights.Verify_User_is_Able_to_Search_oneWayFlights -->
