<?xml version="1.0" encoding="UTF-8"?>
<!-- Generated by org.testng.reporters.JUnitReportReporter -->
<testsuite hostname="TYSS-Pavan-Kumar-M" failures="0" tests="1" name="genericLib.FetchingDataFromExternal" time="1.105" errors="0" timestamp="2024-04-04T22:17:37 IST" skipped="0">
  <testcase classname="genericLib.FetchingDataFromExternal" name="fetchDataXlsx" time="1.105"/>
  <system-out/>
</testsuite> <!-- genericLib.FetchingDataFromExternal -->
